Analysis & Synthesis report for ALU1
Mon Jun 06 10:44:58 2022
Quartus Prime Version 19.1.0 Build 670 09/22/2019 SJ Lite Edition


---------------------
; Table of Contents ;
---------------------
  1. Legal Notice
  2. Analysis & Synthesis Summary
  3. Analysis & Synthesis Settings
  4. Parallel Compilation
  5. Analysis & Synthesis Source Files Read
  6. Analysis & Synthesis Resource Usage Summary
  7. Analysis & Synthesis Resource Utilization by Entity
  8. General Register Statistics
  9. Analysis & Synthesis Messages



----------------
; Legal Notice ;
----------------
Copyright (C) 2019  Intel Corporation. All rights reserved.
Your use of Intel Corporation's design tools, logic functions 
and other software and tools, and any partner logic 
functions, and any output files from any of the foregoing 
(including device programming or simulation files), and any 
associated documentation or information are expressly subject 
to the terms and conditions of the Intel Program License 
Subscription Agreement, the Intel Quartus Prime License Agreement,
the Intel FPGA IP License Agreement, or other applicable license
agreement, including, without limitation, that your use is for
the sole purpose of programming logic devices manufactured by
Intel and sold by Intel or its authorized distributors.  Please
refer to the applicable agreement for further details, at
https://fpgasoftware.intel.com/eula.



+---------------------------------------------------------------------------+
; Analysis & Synthesis Summary                                              ;
+-----------------------------+---------------------------------------------+
; Analysis & Synthesis Status ; Successful - Mon Jun 06 10:44:58 2022       ;
; Quartus Prime Version       ; 19.1.0 Build 670 09/22/2019 SJ Lite Edition ;
; Revision Name               ; ALU1                                        ;
; Top-level Entity Name       ; ALU1                                        ;
; Family                      ; MAX V                                       ;
; Total logic elements        ; 5                                           ;
; Total pins                  ; 9                                           ;
; Total virtual pins          ; 0                                           ;
; UFM blocks                  ; 0 / 1 ( 0 % )                               ;
+-----------------------------+---------------------------------------------+


+------------------------------------------------------------------------------------------------------------+
; Analysis & Synthesis Settings                                                                              ;
+------------------------------------------------------------------+--------------------+--------------------+
; Option                                                           ; Setting            ; Default Value      ;
+------------------------------------------------------------------+--------------------+--------------------+
; Top-level entity name                                            ; ALU1               ; ALU1               ;
; Family name                                                      ; MAX V              ; Cyclone V          ;
; Use smart compilation                                            ; Off                ; Off                ;
; Enable parallel Assembler and Timing Analyzer during compilation ; On                 ; On                 ;
; Enable compact report table                                      ; Off                ; Off                ;
; Restructure Multiplexers                                         ; Auto               ; Auto               ;
; Create Debugging Nodes for IP Cores                              ; Off                ; Off                ;
; Preserve fewer node names                                        ; On                 ; On                 ;
; Intel FPGA IP Evaluation Mode                                    ; Enable             ; Enable             ;
; Verilog Version                                                  ; Verilog_2001       ; Verilog_2001       ;
; VHDL Version                                                     ; VHDL_1993          ; VHDL_1993          ;
; State Machine Processing                                         ; Auto               ; Auto               ;
; Safe State Machine                                               ; Off                ; Off                ;
; Extract Verilog State Machines                                   ; On                 ; On                 ;
; Extract VHDL State Machines                                      ; On                 ; On                 ;
; Ignore Verilog initial constructs                                ; Off                ; Off                ;
; Iteration limit for constant Verilog loops                       ; 5000               ; 5000               ;
; Iteration limit for non-constant Verilog loops                   ; 250                ; 250                ;
; Add Pass-Through Logic to Inferred RAMs                          ; On                 ; On                 ;
; Infer RAMs from Raw Logic                                        ; On                 ; On                 ;
; Parallel Synthesis                                               ; On                 ; On                 ;
; NOT Gate Push-Back                                               ; On                 ; On                 ;
; Power-Up Don't Care                                              ; On                 ; On                 ;
; Remove Redundant Logic Cells                                     ; Off                ; Off                ;
; Remove Duplicate Registers                                       ; On                 ; On                 ;
; Ignore CARRY Buffers                                             ; Off                ; Off                ;
; Ignore CASCADE Buffers                                           ; Off                ; Off                ;
; Ignore GLOBAL Buffers                                            ; Off                ; Off                ;
; Ignore ROW GLOBAL Buffers                                        ; Off                ; Off                ;
; Ignore LCELL Buffers                                             ; Off                ; Off                ;
; Ignore SOFT Buffers                                              ; On                 ; On                 ;
; Limit AHDL Integers to 32 Bits                                   ; Off                ; Off                ;
; Optimization Technique                                           ; Balanced           ; Balanced           ;
; Carry Chain Length                                               ; 70                 ; 70                 ;
; Auto Carry Chains                                                ; On                 ; On                 ;
; Auto Open-Drain Pins                                             ; On                 ; On                 ;
; Perform WYSIWYG Primitive Resynthesis                            ; Off                ; Off                ;
; Auto Shift Register Replacement                                  ; Auto               ; Auto               ;
; Allow Shift Register Merging across Hierarchies                  ; Auto               ; Auto               ;
; Auto Clock Enable Replacement                                    ; On                 ; On                 ;
; Allow Synchronous Control Signals                                ; On                 ; On                 ;
; Force Use of Synchronous Clear Signals                           ; Off                ; Off                ;
; Auto Resource Sharing                                            ; Off                ; Off                ;
; Use LogicLock Constraints during Resource Balancing              ; On                 ; On                 ;
; Ignore translate_off and synthesis_off directives                ; Off                ; Off                ;
; Report Parameter Settings                                        ; On                 ; On                 ;
; Report Source Assignments                                        ; On                 ; On                 ;
; Report Connectivity Checks                                       ; On                 ; On                 ;
; Ignore Maximum Fan-Out Assignments                               ; Off                ; Off                ;
; Synchronization Register Chain Length                            ; 2                  ; 2                  ;
; Power Optimization During Synthesis                              ; Normal compilation ; Normal compilation ;
; HDL message level                                                ; Level2             ; Level2             ;
; Suppress Register Optimization Related Messages                  ; Off                ; Off                ;
; Number of Removed Registers Reported in Synthesis Report         ; 5000               ; 5000               ;
; Number of Swept Nodes Reported in Synthesis Report               ; 5000               ; 5000               ;
; Number of Inverted Registers Reported in Synthesis Report        ; 100                ; 100                ;
; Clock MUX Protection                                             ; On                 ; On                 ;
; Block Design Naming                                              ; Auto               ; Auto               ;
; Synthesis Effort                                                 ; Auto               ; Auto               ;
; Shift Register Replacement - Allow Asynchronous Clear Signal     ; On                 ; On                 ;
; Analysis & Synthesis Message Level                               ; Medium             ; Medium             ;
; Disable Register Merging Across Hierarchies                      ; Auto               ; Auto               ;
+------------------------------------------------------------------+--------------------+--------------------+


+------------------------------------------+
; Parallel Compilation                     ;
+----------------------------+-------------+
; Processors                 ; Number      ;
+----------------------------+-------------+
; Number detected on machine ; 4           ;
; Maximum allowed            ; 2           ;
;                            ;             ;
; Average used               ; 1.00        ;
; Maximum used               ; 1           ;
;                            ;             ;
; Usage by Processor         ; % Time Used ;
;     Processor 1            ; 100.0%      ;
+----------------------------+-------------+


+-------------------------------------------------------------------------------------------------------------------------------------------------------------+
; Analysis & Synthesis Source Files Read                                                                                                                      ;
+----------------------------------+-----------------+-----------------+----------------------------------------------------------------------------+---------+
; File Name with User-Entered Path ; Used in Netlist ; File Type       ; File Name with Absolute Path                                               ; Library ;
+----------------------------------+-----------------+-----------------+----------------------------------------------------------------------------+---------+
; ALU1.vhd                         ; yes             ; User VHDL File  ; C:/Users/user/Documents/Semester 2/DSD/Assignment 2/Ex2DSD/DSD001/ALU1.vhd ;         ;
+----------------------------------+-----------------+-----------------+----------------------------------------------------------------------------+---------+


+------------------------------------------------------------+
; Analysis & Synthesis Resource Usage Summary                ;
+---------------------------------------------+--------------+
; Resource                                    ; Usage        ;
+---------------------------------------------+--------------+
; Total logic elements                        ; 5            ;
;     -- Combinational with no register       ; 5            ;
;     -- Register only                        ; 0            ;
;     -- Combinational with a register        ; 0            ;
;                                             ;              ;
; Logic element usage by number of LUT inputs ;              ;
;     -- 4 input functions                    ; 4            ;
;     -- 3 input functions                    ; 0            ;
;     -- 2 input functions                    ; 1            ;
;     -- 1 input functions                    ; 0            ;
;     -- 0 input functions                    ; 0            ;
;                                             ;              ;
; Logic elements by mode                      ;              ;
;     -- normal mode                          ; 5            ;
;     -- arithmetic mode                      ; 0            ;
;     -- qfbk mode                            ; 0            ;
;     -- register cascade mode                ; 0            ;
;     -- synchronous clear/load mode          ; 0            ;
;     -- asynchronous clear/load mode         ; 0            ;
;                                             ;              ;
; Total registers                             ; 0            ;
; I/O pins                                    ; 9            ;
; Maximum fan-out node                        ; Operation[1] ;
; Maximum fan-out                             ; 3            ;
; Total fan-out                               ; 20           ;
; Average fan-out                             ; 1.43         ;
+---------------------------------------------+--------------+


+---------------------------------------------------------------------------------------------------------------------------------------------------------------------------------------------------------------------------------------+
; Analysis & Synthesis Resource Utilization by Entity                                                                                                                                                                                   ;
+----------------------------+-------------+--------------+------------+------+--------------+--------------+-------------------+------------------+-----------------+------------+------------------------+-------------+--------------+
; Compilation Hierarchy Node ; Logic Cells ; LC Registers ; UFM Blocks ; Pins ; Virtual Pins ; LUT-Only LCs ; Register-Only LCs ; LUT/Register LCs ; Carry Chain LCs ; Packed LCs ; Full Hierarchy Name    ; Entity Name ; Library Name ;
+----------------------------+-------------+--------------+------------+------+--------------+--------------+-------------------+------------------+-----------------+------------+------------------------+-------------+--------------+
; |ALU1                      ; 5 (0)       ; 0            ; 0          ; 9    ; 0            ; 5 (0)        ; 0 (0)             ; 0 (0)            ; 0 (0)           ; 0 (0)      ; |ALU1                  ; ALU1        ; work         ;
;    |BINVERSION:STEP1|      ; 1 (1)       ; 0            ; 0          ; 0    ; 0            ; 1 (1)        ; 0 (0)             ; 0 (0)            ; 0 (0)           ; 0 (0)      ; |ALU1|BINVERSION:STEP1 ; BINVERSION  ; work         ;
;    |FULL_ADDER:STEP4|      ; 1 (1)       ; 0            ; 0          ; 0    ; 0            ; 1 (1)        ; 0 (0)             ; 0 (0)            ; 0 (0)           ; 0 (0)      ; |ALU1|FULL_ADDER:STEP4 ; FULL_ADDER  ; work         ;
;    |mux1:STEP6|            ; 3 (3)       ; 0            ; 0          ; 0    ; 0            ; 3 (3)        ; 0 (0)             ; 0 (0)            ; 0 (0)           ; 0 (0)      ; |ALU1|mux1:STEP6       ; mux1        ; work         ;
+----------------------------+-------------+--------------+------------+------+--------------+--------------+-------------------+------------------+-----------------+------------+------------------------+-------------+--------------+
Note: For table entries with two numbers listed, the numbers in parentheses indicate the number of resources of the given type used by the specific entity alone. The numbers listed outside of parentheses indicate the total resources of the given type used by the specific entity and all of its sub-entities in the hierarchy.


+------------------------------------------------------+
; General Register Statistics                          ;
+----------------------------------------------+-------+
; Statistic                                    ; Value ;
+----------------------------------------------+-------+
; Total registers                              ; 0     ;
; Number of registers using Synchronous Clear  ; 0     ;
; Number of registers using Synchronous Load   ; 0     ;
; Number of registers using Asynchronous Clear ; 0     ;
; Number of registers using Asynchronous Load  ; 0     ;
; Number of registers using Clock Enable       ; 0     ;
; Number of registers using Preset             ; 0     ;
+----------------------------------------------+-------+


+-------------------------------+
; Analysis & Synthesis Messages ;
+-------------------------------+
Info: *******************************************************************
Info: Running Quartus Prime Analysis & Synthesis
    Info: Version 19.1.0 Build 670 09/22/2019 SJ Lite Edition
    Info: Processing started: Mon Jun 06 10:44:31 2022
Info: Command: quartus_map --read_settings_files=on --write_settings_files=off ALU1 -c ALU1
Warning (18236): Number of processors has not been specified which may cause overloading on shared machines.  Set the global assignment NUM_PARALLEL_PROCESSORS in your QSF to an appropriate value for best performance.
Info (20030): Parallel compilation is enabled and will use 2 of the 2 processors detected
Info (12021): Found 22 design units, including 11 entities, in source file alu1.vhd
    Info (12022): Found design unit 1: PORTAND-AND1 File: C:/Users/user/Documents/Semester 2/DSD/Assignment 2/Ex2DSD/DSD001/ALU1.vhd Line: 11
    Info (12022): Found design unit 2: PORTOR-OR1 File: C:/Users/user/Documents/Semester 2/DSD/Assignment 2/Ex2DSD/DSD001/ALU1.vhd Line: 26
    Info (12022): Found design unit 3: FULL_ADDER-FA File: C:/Users/user/Documents/Semester 2/DSD/Assignment 2/Ex2DSD/DSD001/ALU1.vhd Line: 41
    Info (12022): Found design unit 4: AINVERSION-INVA File: C:/Users/user/Documents/Semester 2/DSD/Assignment 2/Ex2DSD/DSD001/ALU1.vhd Line: 57
    Info (12022): Found design unit 5: BINVERSION-INVB File: C:/Users/user/Documents/Semester 2/DSD/Assignment 2/Ex2DSD/DSD001/ALU1.vhd Line: 72
    Info (12022): Found design unit 6: SUB-S File: C:/Users/user/Documents/Semester 2/DSD/Assignment 2/Ex2DSD/DSD001/ALU1.vhd Line: 87
    Info (12022): Found design unit 7: PORTNOR-P1 File: C:/Users/user/Documents/Semester 2/DSD/Assignment 2/Ex2DSD/DSD001/ALU1.vhd Line: 117
    Info (12022): Found design unit 8: PORTNAND-P2 File: C:/Users/user/Documents/Semester 2/DSD/Assignment 2/Ex2DSD/DSD001/ALU1.vhd Line: 132
    Info (12022): Found design unit 9: PORTXOR-P3 File: C:/Users/user/Documents/Semester 2/DSD/Assignment 2/Ex2DSD/DSD001/ALU1.vhd Line: 147
    Info (12022): Found design unit 10: mux1-result File: C:/Users/user/Documents/Semester 2/DSD/Assignment 2/Ex2DSD/DSD001/ALU1.vhd Line: 163
    Info (12022): Found design unit 11: ALU1-STRUCTURAL File: C:/Users/user/Documents/Semester 2/DSD/Assignment 2/Ex2DSD/DSD001/ALU1.vhd Line: 185
    Info (12023): Found entity 1: PORTAND File: C:/Users/user/Documents/Semester 2/DSD/Assignment 2/Ex2DSD/DSD001/ALU1.vhd Line: 5
    Info (12023): Found entity 2: PORTOR File: C:/Users/user/Documents/Semester 2/DSD/Assignment 2/Ex2DSD/DSD001/ALU1.vhd Line: 20
    Info (12023): Found entity 3: FULL_ADDER File: C:/Users/user/Documents/Semester 2/DSD/Assignment 2/Ex2DSD/DSD001/ALU1.vhd Line: 35
    Info (12023): Found entity 4: AINVERSION File: C:/Users/user/Documents/Semester 2/DSD/Assignment 2/Ex2DSD/DSD001/ALU1.vhd Line: 51
    Info (12023): Found entity 5: BINVERSION File: C:/Users/user/Documents/Semester 2/DSD/Assignment 2/Ex2DSD/DSD001/ALU1.vhd Line: 66
    Info (12023): Found entity 6: SUB File: C:/Users/user/Documents/Semester 2/DSD/Assignment 2/Ex2DSD/DSD001/ALU1.vhd Line: 81
    Info (12023): Found entity 7: PORTNOR File: C:/Users/user/Documents/Semester 2/DSD/Assignment 2/Ex2DSD/DSD001/ALU1.vhd Line: 111
    Info (12023): Found entity 8: PORTNAND File: C:/Users/user/Documents/Semester 2/DSD/Assignment 2/Ex2DSD/DSD001/ALU1.vhd Line: 126
    Info (12023): Found entity 9: PORTXOR File: C:/Users/user/Documents/Semester 2/DSD/Assignment 2/Ex2DSD/DSD001/ALU1.vhd Line: 141
    Info (12023): Found entity 10: mux1 File: C:/Users/user/Documents/Semester 2/DSD/Assignment 2/Ex2DSD/DSD001/ALU1.vhd Line: 156
    Info (12023): Found entity 11: ALU1 File: C:/Users/user/Documents/Semester 2/DSD/Assignment 2/Ex2DSD/DSD001/ALU1.vhd Line: 178
Info (12127): Elaborating entity "ALU1" for the top level hierarchy
Info (12128): Elaborating entity "AINVERSION" for hierarchy "AINVERSION:STEP0" File: C:/Users/user/Documents/Semester 2/DSD/Assignment 2/Ex2DSD/DSD001/ALU1.vhd Line: 253
Info (12128): Elaborating entity "BINVERSION" for hierarchy "BINVERSION:STEP1" File: C:/Users/user/Documents/Semester 2/DSD/Assignment 2/Ex2DSD/DSD001/ALU1.vhd Line: 254
Info (12128): Elaborating entity "PORTAND" for hierarchy "PORTAND:STEP2" File: C:/Users/user/Documents/Semester 2/DSD/Assignment 2/Ex2DSD/DSD001/ALU1.vhd Line: 255
Info (12128): Elaborating entity "PORTOR" for hierarchy "PORTOR:STEP3" File: C:/Users/user/Documents/Semester 2/DSD/Assignment 2/Ex2DSD/DSD001/ALU1.vhd Line: 256
Info (12128): Elaborating entity "FULL_ADDER" for hierarchy "FULL_ADDER:STEP4" File: C:/Users/user/Documents/Semester 2/DSD/Assignment 2/Ex2DSD/DSD001/ALU1.vhd Line: 257
Info (12128): Elaborating entity "PORTXOR" for hierarchy "PORTXOR:STEP5" File: C:/Users/user/Documents/Semester 2/DSD/Assignment 2/Ex2DSD/DSD001/ALU1.vhd Line: 258
Info (12128): Elaborating entity "mux1" for hierarchy "mux1:STEP6" File: C:/Users/user/Documents/Semester 2/DSD/Assignment 2/Ex2DSD/DSD001/ALU1.vhd Line: 259
Info (21057): Implemented 14 device resources after synthesis - the final resource count might be different
    Info (21058): Implemented 7 input pins
    Info (21059): Implemented 2 output pins
    Info (21061): Implemented 5 logic cells
Info: Quartus Prime Analysis & Synthesis was successful. 0 errors, 1 warning
    Info: Peak virtual memory: 4763 megabytes
    Info: Processing ended: Mon Jun 06 10:44:58 2022
    Info: Elapsed time: 00:00:27
    Info: Total CPU time (on all processors): 00:00:52


